[debug] [2025-08-22T12:15:08.847Z] ----------------------------------------------------------------------
[debug] [2025-08-22T12:15:08.850Z] Command:       /home/ami-trainee/.nvm/versions/node/v22.14.0/bin/node /home/ami-trainee/.nvm/versions/node/v22.14.0/bin/firebase deploy
[debug] [2025-08-22T12:15:08.851Z] CLI Version:   14.9.0
[debug] [2025-08-22T12:15:08.851Z] Platform:      linux
[debug] [2025-08-22T12:15:08.851Z] Node Version:  v22.14.0
[debug] [2025-08-22T12:15:08.852Z] Time:          Fri Aug 22 2025 17:45:08 GMT+0530 (India Standard Time)
[debug] [2025-08-22T12:15:08.852Z] ----------------------------------------------------------------------
[debug] 
[debug] [2025-08-22T12:15:08.854Z] >>> [apiv2][query] GET https://firebase-public.firebaseio.com/cli.json [none]
[debug] [2025-08-22T12:15:08.961Z] > command requires scopes: ["email","openid","https://www.googleapis.com/auth/cloudplatformprojects.readonly","https://www.googleapis.com/auth/firebase","https://www.googleapis.com/auth/cloud-platform"]
[debug] [2025-08-22T12:15:08.961Z] > authorizing via signed-in user (mohamedukkasha24@gmail.com)
[debug] [2025-08-22T12:15:08.961Z] [iam] checking project nellai-fresh-milk for permissions ["firebase.projects.get","firebasehosting.sites.update"]
[debug] [2025-08-22T12:15:08.962Z] Checked if tokens are valid: false, expires at: 1755347746143
[debug] [2025-08-22T12:15:08.962Z] Checked if tokens are valid: false, expires at: 1755347746143
[debug] [2025-08-22T12:15:08.962Z] > refreshing access token with scopes: []
[debug] [2025-08-22T12:15:08.962Z] >>> [apiv2][query] POST https://www.googleapis.com/oauth2/v3/token [none]
[debug] [2025-08-22T12:15:08.962Z] >>> [apiv2][body] POST https://www.googleapis.com/oauth2/v3/token [omitted]
[debug] [2025-08-22T12:15:09.167Z] <<< [apiv2][status] POST https://www.googleapis.com/oauth2/v3/token 200
[debug] [2025-08-22T12:15:09.168Z] <<< [apiv2][body] POST https://www.googleapis.com/oauth2/v3/token [omitted]
[debug] [2025-08-22T12:15:09.173Z] >>> [apiv2][query] POST https://cloudresourcemanager.googleapis.com/v1/projects/nellai-fresh-milk:testIamPermissions [none]
[debug] [2025-08-22T12:15:09.173Z] >>> [apiv2][(partial)header] POST https://cloudresourcemanager.googleapis.com/v1/projects/nellai-fresh-milk:testIamPermissions x-goog-quota-user=projects/nellai-fresh-milk
[debug] [2025-08-22T12:15:09.173Z] >>> [apiv2][body] POST https://cloudresourcemanager.googleapis.com/v1/projects/nellai-fresh-milk:testIamPermissions {"permissions":["firebase.projects.get","firebasehosting.sites.update"]}
[debug] [2025-08-22T12:15:09.515Z] <<< [apiv2][status] GET https://firebase-public.firebaseio.com/cli.json 200
[debug] [2025-08-22T12:15:09.515Z] <<< [apiv2][body] GET https://firebase-public.firebaseio.com/cli.json {"cloudBuildErrorAfter":1594252800000,"cloudBuildWarnAfter":1590019200000,"defaultNode10After":1594252800000,"minVersion":"3.0.5","node8DeploysDisabledAfter":1613390400000,"node8RuntimeDisabledAfter":1615809600000,"node8WarnAfter":1600128000000}
[debug] [2025-08-22T12:15:10.597Z] <<< [apiv2][status] POST https://cloudresourcemanager.googleapis.com/v1/projects/nellai-fresh-milk:testIamPermissions 200
[debug] [2025-08-22T12:15:10.597Z] <<< [apiv2][body] POST https://cloudresourcemanager.googleapis.com/v1/projects/nellai-fresh-milk:testIamPermissions {}
[debug] [2025-08-22T12:15:10.597Z] [iam] error while checking permissions, command may fail: Authorization failed. This account is missing the following required permissions on project nellai-fresh-milk:

  firebase.projects.get
  firebasehosting.sites.update
[debug] [2025-08-22T12:15:10.598Z] Checked if tokens are valid: true, expires at: 1755868508168
[debug] [2025-08-22T12:15:10.598Z] Checked if tokens are valid: true, expires at: 1755868508168
[debug] [2025-08-22T12:15:10.598Z] >>> [apiv2][query] GET https://firebase.googleapis.com/v1beta1/projects/nellai-fresh-milk [none]
[debug] [2025-08-22T12:15:11.101Z] <<< [apiv2][status] GET https://firebase.googleapis.com/v1beta1/projects/nellai-fresh-milk 403
[debug] [2025-08-22T12:15:11.101Z] <<< [apiv2][body] GET https://firebase.googleapis.com/v1beta1/projects/nellai-fresh-milk {"error":{"code":403,"message":"The caller does not have permission","status":"PERMISSION_DENIED"}}
[debug] [2025-08-22T12:15:11.103Z] Request to https://firebase.googleapis.com/v1beta1/projects/nellai-fresh-milk had HTTP Error: 403, The caller does not have permission
[debug] [2025-08-22T12:15:11.291Z] FirebaseError: Request to https://firebase.googleapis.com/v1beta1/projects/nellai-fresh-milk had HTTP Error: 403, The caller does not have permission
    at responseToError (/home/ami-trainee/.nvm/versions/node/v22.14.0/lib/node_modules/firebase-tools/lib/responseToError.js:52:12)
    at RetryOperation._fn (/home/ami-trainee/.nvm/versions/node/v22.14.0/lib/node_modules/firebase-tools/lib/apiv2.js:312:77)
    at process.processTicksAndRejections (node:internal/process/task_queues:105:5)
[error] 
[error] Error: Failed to get Firebase project nellai-fresh-milk. Please make sure the project exists and your account has permission to access it.
